<?xml version="1.0" encoding="UTF-8"?>
<!-- Generated by org.testng.reporters.JUnitXMLReporter -->
<testsuite ignored="0" hostname="DESKTOP-QLPR4D1" failures="0" tests="6" name="Test" time="0.068" errors="0" timestamp="2024-09-29T12:41:28 IST">
  <testcase classname="Demo.FirstTestCase" name="setup" time="0.009"/>
  <testcase classname="Demo.FirstTestCase" name="login" time="0.002"/>
  <testcase classname="Demo.FirstTestCase" name="close" time="0.002"/>
  <testcase classname="Demo.SecondTestCase" name="testMethod1" time="0.001"/>
  <testcase classname="Demo.SecondTestCase" name="testMethod2" time="0.003"/>
  <testcase classname="Demo.SecondTestCase" name="testMethod3" time="0.003"/>
</testsuite> <!-- Test -->
